<?xml version="1.0" encoding="UTF-8"?>
<!-- Generated by org.testng.reporters.JUnitReportReporter -->
<testsuite hostname="LAPTOP-NSMKKQRO" failures="0" tests="3" name="testPackage.TestClassWithTNG" time="0.007" errors="0" timestamp="2022-06-27T08:22:57 IST" skipped="0">
  <testcase classname="testPackage.TestClassWithTNG" name="validateHomePage" time="0.000"/>
  <system-out/>
  <testcase classname="testPackage.TestClassWithTNG" name="test3" time="0.003"/>
  <system-out/>
  <testcase classname="testPackage.TestClassWithTNG" name="test1" time="0.004"/>
  <system-out/>
</testsuite> <!-- testPackage.TestClassWithTNG -->
