<?xml version="1.0" encoding="UTF-8"?>
<!-- Generated by org.testng.reporters.JUnitReportReporter -->
<testsuite hostname="LAPTOP-NSMKKQRO" failures="0" tests="1" name="testPackage.TestClassOHRM_TNG" time="8.596" errors="0" timestamp="2022-06-26T19:00:39 IST" skipped="0">
  <testcase classname="testPackage.TestClassOHRM_TNG" name="validateHomePage" time="8.596"/>
  <system-out/>
</testsuite> <!-- testPackage.TestClassOHRM_TNG -->
